0 info it worked if it ends with ok
1 verbose cli [ '/usr/local/bin/node', '/usr/local/bin/npm', 'run', 'build' ]
2 info using npm@3.6.0
3 info using node@v5.6.0
4 verbose run-script [ 'prebuild', 'build', 'postbuild' ]
5 info lifecycle kanban-app@1.0.0~prebuild: kanban-app@1.0.0
6 silly lifecycle kanban-app@1.0.0~prebuild: no script for prebuild, continuing
7 info lifecycle kanban-app@1.0.0~build: kanban-app@1.0.0
8 verbose lifecycle kanban-app@1.0.0~build: unsafe-perm in lifecycle true
9 verbose lifecycle kanban-app@1.0.0~build: PATH: /usr/local/lib/node_modules/npm/bin/node-gyp-bin:/Users/tonynguyen/Desktop/react-boilerplate/node_modules/.bin:/Users/tonynguyen/.rvm/gems/ruby-2.2.1/bin:/Users/tonynguyen/.rvm/gems/ruby-2.2.1@global/bin:/Users/tonynguyen/.rvm/rubies/ruby-2.2.1/bin:/Users/tonynguyen/bin:/usr/local/bin:/usr/local/bin:/usr/bin:/bin:/usr/sbin:/sbin:/Users/tonynguyen/.rvm/bin
10 verbose lifecycle kanban-app@1.0.0~build: CWD: /Users/tonynguyen/Desktop/react-boilerplate
11 silly lifecycle kanban-app@1.0.0~build: Args: [ '-c', 'webpack' ]
12 silly lifecycle kanban-app@1.0.0~build: Returned: code: 255  signal: null
13 info lifecycle kanban-app@1.0.0~build: Failed to exec build script
14 verbose stack Error: kanban-app@1.0.0 build: `webpack`
14 verbose stack Exit status 255
14 verbose stack     at EventEmitter.<anonymous> (/usr/local/lib/node_modules/npm/lib/utils/lifecycle.js:232:16)
14 verbose stack     at emitTwo (events.js:100:13)
14 verbose stack     at EventEmitter.emit (events.js:185:7)
14 verbose stack     at ChildProcess.<anonymous> (/usr/local/lib/node_modules/npm/lib/utils/spawn.js:24:14)
14 verbose stack     at emitTwo (events.js:100:13)
14 verbose stack     at ChildProcess.emit (events.js:185:7)
14 verbose stack     at maybeClose (internal/child_process.js:827:16)
14 verbose stack     at Process.ChildProcess._handle.onexit (internal/child_process.js:211:5)
15 verbose pkgid kanban-app@1.0.0
16 verbose cwd /Users/tonynguyen/Desktop/react-boilerplate
17 error Darwin 15.4.0
18 error argv "/usr/local/bin/node" "/usr/local/bin/npm" "run" "build"
19 error node v5.6.0
20 error npm  v3.6.0
21 error code ELIFECYCLE
22 error kanban-app@1.0.0 build: `webpack`
22 error Exit status 255
23 error Failed at the kanban-app@1.0.0 build script 'webpack'.
23 error Make sure you have the latest version of node.js and npm installed.
23 error If you do, this is most likely a problem with the kanban-app package,
23 error not with npm itself.
23 error Tell the author that this fails on your system:
23 error     webpack
23 error You can get information on how to open an issue for this project with:
23 error     npm bugs kanban-app
23 error Or if that isn't available, you can get their info via:
23 error     npm owner ls kanban-app
23 error There is likely additional logging output above.
24 verbose exit [ 1, true ]
